[0.046s] Invoking command in '/home/nick/Robotics_Projects/furuta1/build/ros_gz_example_application': AMENT_PREFIX_PATH=/home/nick/Robotics_Projects/furuta1/install/ament_cmake:/home/nick/Robotics_Projects/furuta1/install/ament_cmake_gen_version_h:/home/nick/Robotics_Projects/furuta1/install/ament_lint_auto:/home/nick/Robotics_Projects/furuta1/install/ament_cmake_test:/home/nick/Robotics_Projects/furuta1/install/ament_cmake_target_dependencies:/home/nick/Robotics_Projects/furuta1/install/ament_cmake_export_targets:/home/nick/Robotics_Projects/furuta1/install/ament_cmake_export_interfaces:/home/nick/Robotics_Projects/furuta1/install/ament_cmake_export_dependencies:/home/nick/Robotics_Projects/furuta1/install/ament_cmake_version:/home/nick/Robotics_Projects/furuta1/install/ament_cmake_python:/home/nick/Robotics_Projects/furuta1/install/ament_cmake_libraries:/home/nick/Robotics_Projects/furuta1/install/ament_cmake_include_directories:/home/nick/Robotics_Projects/furuta1/install/ament_cmake_export_link_flags:/home/nick/Robotics_Projects/furuta1/install/ament_cmake_export_libraries:/home/nick/Robotics_Projects/furuta1/install/ament_cmake_export_include_directories:/home/nick/Robotics_Projects/furuta1/install/ament_cmake_export_definitions:/home/nick/Robotics_Projects/furuta1/install/ament_cmake_core:/home/nick/Robotics_Projects/furuta1/install/ament_package:${AMENT_PREFIX_PATH} CMAKE_PREFIX_PATH=/home/nick/Robotics_Projects/furuta1/install/ament_cmake:/home/nick/Robotics_Projects/furuta1/install/ament_cmake_gen_version_h:/home/nick/Robotics_Projects/furuta1/install/ament_lint_auto:/home/nick/Robotics_Projects/furuta1/install/ament_cmake_test:/home/nick/Robotics_Projects/furuta1/install/ament_cmake_target_dependencies:/home/nick/Robotics_Projects/furuta1/install/ament_cmake_export_targets:/home/nick/Robotics_Projects/furuta1/install/ament_cmake_export_interfaces:/home/nick/Robotics_Projects/furuta1/install/ament_cmake_export_dependencies:/home/nick/Robotics_Projects/furuta1/install/ament_cmake_version:/home/nick/Robotics_Projects/furuta1/install/ament_cmake_python:/home/nick/Robotics_Projects/furuta1/install/ament_cmake_libraries:/home/nick/Robotics_Projects/furuta1/install/ament_cmake_include_directories:/home/nick/Robotics_Projects/furuta1/install/ament_cmake_export_link_flags:/home/nick/Robotics_Projects/furuta1/install/ament_cmake_export_libraries:/home/nick/Robotics_Projects/furuta1/install/ament_cmake_export_include_directories:/home/nick/Robotics_Projects/furuta1/install/ament_cmake_export_definitions:/home/nick/Robotics_Projects/furuta1/install/ament_cmake_core:/opt/ros/humble PYTHONPATH=/home/nick/Robotics_Projects/furuta1/install/ament_cmake_test/local/lib/python3.10/dist-packages:/home/nick/Robotics_Projects/furuta1/build/ament_package:/home/nick/Robotics_Projects/furuta1/install/ament_package/lib/python3.10/site-packages:${PYTHONPATH} /usr/bin/cmake --build /home/nick/Robotics_Projects/furuta1/build/ros_gz_example_application -- -j16 -l16
[0.199s] Invoked command in '/home/nick/Robotics_Projects/furuta1/build/ros_gz_example_application' returned '0': AMENT_PREFIX_PATH=/home/nick/Robotics_Projects/furuta1/install/ament_cmake:/home/nick/Robotics_Projects/furuta1/install/ament_cmake_gen_version_h:/home/nick/Robotics_Projects/furuta1/install/ament_lint_auto:/home/nick/Robotics_Projects/furuta1/install/ament_cmake_test:/home/nick/Robotics_Projects/furuta1/install/ament_cmake_target_dependencies:/home/nick/Robotics_Projects/furuta1/install/ament_cmake_export_targets:/home/nick/Robotics_Projects/furuta1/install/ament_cmake_export_interfaces:/home/nick/Robotics_Projects/furuta1/install/ament_cmake_export_dependencies:/home/nick/Robotics_Projects/furuta1/install/ament_cmake_version:/home/nick/Robotics_Projects/furuta1/install/ament_cmake_python:/home/nick/Robotics_Projects/furuta1/install/ament_cmake_libraries:/home/nick/Robotics_Projects/furuta1/install/ament_cmake_include_directories:/home/nick/Robotics_Projects/furuta1/install/ament_cmake_export_link_flags:/home/nick/Robotics_Projects/furuta1/install/ament_cmake_export_libraries:/home/nick/Robotics_Projects/furuta1/install/ament_cmake_export_include_directories:/home/nick/Robotics_Projects/furuta1/install/ament_cmake_export_definitions:/home/nick/Robotics_Projects/furuta1/install/ament_cmake_core:/home/nick/Robotics_Projects/furuta1/install/ament_package:${AMENT_PREFIX_PATH} CMAKE_PREFIX_PATH=/home/nick/Robotics_Projects/furuta1/install/ament_cmake:/home/nick/Robotics_Projects/furuta1/install/ament_cmake_gen_version_h:/home/nick/Robotics_Projects/furuta1/install/ament_lint_auto:/home/nick/Robotics_Projects/furuta1/install/ament_cmake_test:/home/nick/Robotics_Projects/furuta1/install/ament_cmake_target_dependencies:/home/nick/Robotics_Projects/furuta1/install/ament_cmake_export_targets:/home/nick/Robotics_Projects/furuta1/install/ament_cmake_export_interfaces:/home/nick/Robotics_Projects/furuta1/install/ament_cmake_export_dependencies:/home/nick/Robotics_Projects/furuta1/install/ament_cmake_version:/home/nick/Robotics_Projects/furuta1/install/ament_cmake_python:/home/nick/Robotics_Projects/furuta1/install/ament_cmake_libraries:/home/nick/Robotics_Projects/furuta1/install/ament_cmake_include_directories:/home/nick/Robotics_Projects/furuta1/install/ament_cmake_export_link_flags:/home/nick/Robotics_Projects/furuta1/install/ament_cmake_export_libraries:/home/nick/Robotics_Projects/furuta1/install/ament_cmake_export_include_directories:/home/nick/Robotics_Projects/furuta1/install/ament_cmake_export_definitions:/home/nick/Robotics_Projects/furuta1/install/ament_cmake_core:/opt/ros/humble PYTHONPATH=/home/nick/Robotics_Projects/furuta1/install/ament_cmake_test/local/lib/python3.10/dist-packages:/home/nick/Robotics_Projects/furuta1/build/ament_package:/home/nick/Robotics_Projects/furuta1/install/ament_package/lib/python3.10/site-packages:${PYTHONPATH} /usr/bin/cmake --build /home/nick/Robotics_Projects/furuta1/build/ros_gz_example_application -- -j16 -l16
[0.220s] Invoking command in '/home/nick/Robotics_Projects/furuta1/build/ros_gz_example_application': AMENT_PREFIX_PATH=/home/nick/Robotics_Projects/furuta1/install/ament_cmake:/home/nick/Robotics_Projects/furuta1/install/ament_cmake_gen_version_h:/home/nick/Robotics_Projects/furuta1/install/ament_lint_auto:/home/nick/Robotics_Projects/furuta1/install/ament_cmake_test:/home/nick/Robotics_Projects/furuta1/install/ament_cmake_target_dependencies:/home/nick/Robotics_Projects/furuta1/install/ament_cmake_export_targets:/home/nick/Robotics_Projects/furuta1/install/ament_cmake_export_interfaces:/home/nick/Robotics_Projects/furuta1/install/ament_cmake_export_dependencies:/home/nick/Robotics_Projects/furuta1/install/ament_cmake_version:/home/nick/Robotics_Projects/furuta1/install/ament_cmake_python:/home/nick/Robotics_Projects/furuta1/install/ament_cmake_libraries:/home/nick/Robotics_Projects/furuta1/install/ament_cmake_include_directories:/home/nick/Robotics_Projects/furuta1/install/ament_cmake_export_link_flags:/home/nick/Robotics_Projects/furuta1/install/ament_cmake_export_libraries:/home/nick/Robotics_Projects/furuta1/install/ament_cmake_export_include_directories:/home/nick/Robotics_Projects/furuta1/install/ament_cmake_export_definitions:/home/nick/Robotics_Projects/furuta1/install/ament_cmake_core:/home/nick/Robotics_Projects/furuta1/install/ament_package:${AMENT_PREFIX_PATH} CMAKE_PREFIX_PATH=/home/nick/Robotics_Projects/furuta1/install/ament_cmake:/home/nick/Robotics_Projects/furuta1/install/ament_cmake_gen_version_h:/home/nick/Robotics_Projects/furuta1/install/ament_lint_auto:/home/nick/Robotics_Projects/furuta1/install/ament_cmake_test:/home/nick/Robotics_Projects/furuta1/install/ament_cmake_target_dependencies:/home/nick/Robotics_Projects/furuta1/install/ament_cmake_export_targets:/home/nick/Robotics_Projects/furuta1/install/ament_cmake_export_interfaces:/home/nick/Robotics_Projects/furuta1/install/ament_cmake_export_dependencies:/home/nick/Robotics_Projects/furuta1/install/ament_cmake_version:/home/nick/Robotics_Projects/furuta1/install/ament_cmake_python:/home/nick/Robotics_Projects/furuta1/install/ament_cmake_libraries:/home/nick/Robotics_Projects/furuta1/install/ament_cmake_include_directories:/home/nick/Robotics_Projects/furuta1/install/ament_cmake_export_link_flags:/home/nick/Robotics_Projects/furuta1/install/ament_cmake_export_libraries:/home/nick/Robotics_Projects/furuta1/install/ament_cmake_export_include_directories:/home/nick/Robotics_Projects/furuta1/install/ament_cmake_export_definitions:/home/nick/Robotics_Projects/furuta1/install/ament_cmake_core:/opt/ros/humble PYTHONPATH=/home/nick/Robotics_Projects/furuta1/install/ament_cmake_test/local/lib/python3.10/dist-packages:/home/nick/Robotics_Projects/furuta1/build/ament_package:/home/nick/Robotics_Projects/furuta1/install/ament_package/lib/python3.10/site-packages:${PYTHONPATH} /usr/bin/cmake --install /home/nick/Robotics_Projects/furuta1/build/ros_gz_example_application
[0.223s] -- Install configuration: ""
[0.228s] [31mCMake Error at ament_cmake_symlink_install/ament_cmake_symlink_install.cmake:5 (file):
[0.228s]   file failed to open for writing (Permission denied):
[0.228s] 
[0.228s]     /home/nick/Robotics_Projects/furuta1/build/ros_gz_example_application/symlink_install_manifest.txt
[0.228s] Call Stack (most recent call first):
[0.228s]   cmake_install.cmake:46 (include)
[0.228s] 
[0.229s] [0m
[0.229s] Invoked command in '/home/nick/Robotics_Projects/furuta1/build/ros_gz_example_application' returned '1': AMENT_PREFIX_PATH=/home/nick/Robotics_Projects/furuta1/install/ament_cmake:/home/nick/Robotics_Projects/furuta1/install/ament_cmake_gen_version_h:/home/nick/Robotics_Projects/furuta1/install/ament_lint_auto:/home/nick/Robotics_Projects/furuta1/install/ament_cmake_test:/home/nick/Robotics_Projects/furuta1/install/ament_cmake_target_dependencies:/home/nick/Robotics_Projects/furuta1/install/ament_cmake_export_targets:/home/nick/Robotics_Projects/furuta1/install/ament_cmake_export_interfaces:/home/nick/Robotics_Projects/furuta1/install/ament_cmake_export_dependencies:/home/nick/Robotics_Projects/furuta1/install/ament_cmake_version:/home/nick/Robotics_Projects/furuta1/install/ament_cmake_python:/home/nick/Robotics_Projects/furuta1/install/ament_cmake_libraries:/home/nick/Robotics_Projects/furuta1/install/ament_cmake_include_directories:/home/nick/Robotics_Projects/furuta1/install/ament_cmake_export_link_flags:/home/nick/Robotics_Projects/furuta1/install/ament_cmake_export_libraries:/home/nick/Robotics_Projects/furuta1/install/ament_cmake_export_include_directories:/home/nick/Robotics_Projects/furuta1/install/ament_cmake_export_definitions:/home/nick/Robotics_Projects/furuta1/install/ament_cmake_core:/home/nick/Robotics_Projects/furuta1/install/ament_package:${AMENT_PREFIX_PATH} CMAKE_PREFIX_PATH=/home/nick/Robotics_Projects/furuta1/install/ament_cmake:/home/nick/Robotics_Projects/furuta1/install/ament_cmake_gen_version_h:/home/nick/Robotics_Projects/furuta1/install/ament_lint_auto:/home/nick/Robotics_Projects/furuta1/install/ament_cmake_test:/home/nick/Robotics_Projects/furuta1/install/ament_cmake_target_dependencies:/home/nick/Robotics_Projects/furuta1/install/ament_cmake_export_targets:/home/nick/Robotics_Projects/furuta1/install/ament_cmake_export_interfaces:/home/nick/Robotics_Projects/furuta1/install/ament_cmake_export_dependencies:/home/nick/Robotics_Projects/furuta1/install/ament_cmake_version:/home/nick/Robotics_Projects/furuta1/install/ament_cmake_python:/home/nick/Robotics_Projects/furuta1/install/ament_cmake_libraries:/home/nick/Robotics_Projects/furuta1/install/ament_cmake_include_directories:/home/nick/Robotics_Projects/furuta1/install/ament_cmake_export_link_flags:/home/nick/Robotics_Projects/furuta1/install/ament_cmake_export_libraries:/home/nick/Robotics_Projects/furuta1/install/ament_cmake_export_include_directories:/home/nick/Robotics_Projects/furuta1/install/ament_cmake_export_definitions:/home/nick/Robotics_Projects/furuta1/install/ament_cmake_core:/opt/ros/humble PYTHONPATH=/home/nick/Robotics_Projects/furuta1/install/ament_cmake_test/local/lib/python3.10/dist-packages:/home/nick/Robotics_Projects/furuta1/build/ament_package:/home/nick/Robotics_Projects/furuta1/install/ament_package/lib/python3.10/site-packages:${PYTHONPATH} /usr/bin/cmake --install /home/nick/Robotics_Projects/furuta1/build/ros_gz_example_application
[0.249s] Traceback (most recent call last):
  File "/usr/lib/python3.10/pathlib.py", line 1175, in mkdir
    self._accessor.mkdir(self, mode)
FileNotFoundError: [Errno 2] No such file or directory: '/home/nick/Robotics_Projects/furuta1/install/ros_gz_example_application/share/colcon-core/packages'

During handling of the above exception, another exception occurred:

Traceback (most recent call last):
  File "/usr/lib/python3/dist-packages/colcon_core/executor/__init__.py", line 91, in __call__
    rc = await self.task(*args, **kwargs)
  File "/usr/lib/python3/dist-packages/colcon_core/task/__init__.py", line 93, in __call__
    return await task_method(*args, **kwargs)
  File "/usr/lib/python3/dist-packages/colcon_ros/task/ament_cmake/build.py", line 84, in build
    create_environment_scripts(
  File "/usr/lib/python3/dist-packages/colcon_core/environment/__init__.py", line 89, in create_environment_scripts
    create_file_with_runtime_dependencies(prefix_path, pkg))
  File "/usr/lib/python3/dist-packages/colcon_core/environment/__init__.py", line 171, in create_file_with_runtime_dependencies
    path.parent.mkdir(parents=True, exist_ok=True)
  File "/usr/lib/python3.10/pathlib.py", line 1179, in mkdir
    self.parent.mkdir(parents=True, exist_ok=True)
  File "/usr/lib/python3.10/pathlib.py", line 1175, in mkdir
    self._accessor.mkdir(self, mode)
PermissionError: [Errno 13] Permission denied: '/home/nick/Robotics_Projects/furuta1/install/ros_gz_example_application/share/colcon-core'
